<?xml version="1.0" encoding="UTF-8"?>
<!-- Generated by org.testng.reporters.JUnitReportReporter -->
<testsuite skipped="0" hostname="0765-2356" name="ExtentReport.otherTest.HomePage" tests="3" failures="0" timestamp="27 Mar 2019 06:25:23 GMT" time="0.045" errors="0">
  <testcase name="testCaseHomePage_4" time="0.016" classname="ExtentReport.otherTest.HomePage"/>
  <testcase name="testCaseHomePage_2" time="0.019" classname="ExtentReport.otherTest.HomePage"/>
  <testcase name="testCaseHomePage_3" time="0.010" classname="ExtentReport.otherTest.HomePage"/>
</testsuite> <!-- ExtentReport.otherTest.HomePage -->
