<?xml version="1.0" encoding="UTF-8"?>
<!-- Generated by org.testng.reporters.JUnitReportReporter -->
<testsuite skipped="0" hostname="0765-2356" name="ExtentReport.test.ReportTest" tests="1" failures="0" timestamp="27 Mar 2019 06:25:23 GMT" time="0.009" errors="0">
  <testcase name="testCase_5" time="0.009" classname="ExtentReport.test.ReportTest"/>
</testsuite> <!-- ExtentReport.test.ReportTest -->
